<?xml version="1.0" encoding="UTF-8"?>
<!-- Generated by org.testng.reporters.JUnitXMLReporter -->
<testsuite ignored="0" hostname="DESKTOP-449DJMC" failures="0" tests="3" name="My Store Home Page Test" time="66.026" errors="0" timestamp="27 Jun 2022 09:09:42 GMT">
  <testcase classname="com.qa.mystore.tests.HomePageTest" name="homePageTitleTest" time="4.993"/>
  <testcase classname="com.qa.mystore.tests.HomePageTest" name="isSignInExistTest" time="0.618"/>
  <testcase classname="com.qa.mystore.tests.HomePageTest" name="cickOnSignInTest" time="9.962"/>
</testsuite> <!-- My Store Home Page Test -->
