<?xml version="1.0" encoding="UTF-8"?>
<!-- Generated by org.testng.reporters.JUnitXMLReporter -->
<testsuite ignored="1" hostname="DESKTOP-449DJMC" failures="0" tests="5" name="My Store Login Page Test " time="74.842" errors="0" timestamp="27 Jun 2022 09:09:51 GMT">
  <testcase classname="com.qa.mystore.tests.LoginPageTest" name="getLoginPageTitleTest" time="0.03"/>
  <testcase classname="com.qa.mystore.tests.LoginPageTest" name="isSignInbtnExistTest" time="0.31"/>
  <testcase classname="com.qa.mystore.tests.LoginPageTest" name="isForgotPasswordExistTest" time="0.119"/>
  <testcase classname="com.qa.mystore.tests.LoginPageTest" name="isCreateAnAccoutbtnExistTest" time="0.093"/>
  <testcase classname="com.qa.mystore.tests.LoginPageTest" name="doLoginTest" time="10.499"/>
  <testcase classname="com.qa.mystore.tests.LoginPageTest" name="clickOnCreateAccountbtnTest" time="0.0">
    <ignored/>
  </testcase> <!-- clickOnCreateAccountbtnTest -->
</testsuite> <!-- My Store Login Page Test  -->
